<?xml version='1.0' encoding='UTF-8'?>
<testsuite hostname="DESKTOP-V5G2C60" name="Flight_Assignment_Test" tests="5" errors="0" failures="0" skipped="0" time="28.877" timestamp="2025-04-17T08:39:39">
          <properties>
[...]
</properties>
          <testcase classname="Flight_Assignment_Test" name="totalFlightsPerMonth" time="9.507">
                      
                    </testcase><testcase classname="Flight_Assignment_Test" name="findTopFlyersByFlightCount based on flight count" time="2.973">
                      
                    </testcase><testcase classname="Flight_Assignment_Test" name="longestRunWithoutUK should calculate the longest run" time="8.214">
                      
                    </testcase><testcase classname="Flight_Assignment_Test" name="flightsTogether should correctly identify pairs of passengers with more than 3 shared flights" time="4.148">
                      
                    </testcase><testcase classname="Flight_Assignment_Test" name="flownTogether should find passengers who have flown together more than N times within a date range" time="4.035">
                      
                    </testcase>
          <system-out><![CDATA[]]></system-out>
          <system-err><![CDATA[]]></system-err>
        </testsuite>