[0m[[0m[0mdebug[0m] [0m[0m> Exec(testOnly Flight_Assignment_Test, Some(2a1d2de8-e988-49e7-99b7-aa6c943f7edb), Some(CommandSource(console0)))[0m
[0m[[0m[0mdebug[0m] [0m[0mEvaluating tasks: Test / testOnly[0m
[0m[[0m[0mdebug[0m] [0m[0mRunning task... Cancel: Signal, check cycles: false, forcegc: true[0m
[0m[[0m[0minfo[0m] [0m[0mcompiling 1 Scala source to C:\pyspark\flink_project\Flight_Assignment\target\scala-2.12\test-classes ...[0m
[0m[[0m[0minfo[0m] [0m[0m[32mFlight_Assignment_Test:[0m[0m
[0m[[0m[0minfo[0m] [0m[0m[32m- totalFlightsPerMonth[0m[0m
[0m[[0m[0minfo[0m] [0m[0m[31m- mostFrequentFlyers based on flight count *** FAILED ***[0m[0m
[0m[[0m[0minfo[0m] [0m[0m[31m  Set([P1,1,Jack,Lee], [P2,1,Kent,Tan], [P3,1,Andrew,Wong], [P4,1,Larry,Chew]) did not equal Set([P1,3,Jack,Lee], [P2,2,Kent,Tan], [P3,1,Andrew,Wong]) (Flight_Assignment_Test.scala:81)[0m[0m
[0m[[0m[0minfo[0m] [0m[0m[31m  Analysis:[0m[0m
[0m[[0m[0minfo[0m] [0m[0m[31m  Set(missingInLeft: [[P1,3,Jack,Lee], [P2,2,Kent,Tan]], missingInRight: [[P1,1,Jack,Lee], [P2,1,Kent,Tan], [P4,1,Larry,Chew]])[0m[0m
[0m[[0m[0minfo[0m] [0m[0m[36mRun completed in 24 seconds, 606 milliseconds.[0m[0m
[0m[[0m[0minfo[0m] [0m[0m[36mTotal number of tests run: 2[0m[0m
[0m[[0m[0minfo[0m] [0m[0m[36mSuites: completed 1, aborted 0[0m[0m
[0m[[0m[0minfo[0m] [0m[0m[36mTests: succeeded 1, failed 1, canceled 0, ignored 0, pending 0[0m[0m
[0m[[0m[0minfo[0m] [0m[0m[31m*** 1 TEST FAILED ***[0m[0m
[0m[[0m[31merror[0m] [0m[0mFailed tests:[0m
[0m[[0m[31merror[0m] [0m[0m	Flight_Assignment_Test[0m
[0m[[0m[31merror[0m] [0m[0m(Test / [31mtestOnly[0m) sbt.TestsFailedException: Tests unsuccessful[0m
[0m[[0m[31merror[0m] [0m[0mTotal time: 34 s, completed Apr 16, 2025 11:41:01 AM[0m
[0m[[0m[0mdebug[0m] [0m[0m> Exec(shell, None, None)[0m
[0m[[0m[0mdebug[0m] [0m[0mForcing garbage collection...[0m
