[0m[[0m[0mdebug[0m] [0m[0m> Exec(testOnly Flight_Assignment_Test, Some(57923bbc-7e76-429a-b7f0-bcfc4e4365bc), Some(CommandSource(console0)))[0m
[0m[[0m[0mdebug[0m] [0m[0mEvaluating tasks: Test / testOnly[0m
[0m[[0m[0mdebug[0m] [0m[0mRunning task... Cancel: Signal, check cycles: false, forcegc: true[0m
[0m[[0m[0minfo[0m] [0m[0mcompiling 1 Scala source to C:\pyspark\flink_project\Flight_Assignment\target\scala-2.12\test-classes ...[0m
[0m[[0m[0minfo[0m] [0m[0m[32mFlight_Assignment_Test:[0m[0m
[0m[[0m[0minfo[0m] [0m[0m[32m- totalFlightsPerMonth[0m[0m
[0m[[0m[0minfo[0m] [0m[0m[31m- mostFrequentFlyers based on flight count *** FAILED ***[0m[0m
[0m[[0m[0minfo[0m] [0m[0m[31m  Set([P2,1,Kent,Tan], [P3,1,Andrew,Wong], [P4,1,Larry,Chew], [P1,1,Jack,Lee]) did not equal Set([P1,3,Jack,Lee], [P2,2,Kent,Tan], [P3,1,Andrew,Wong]) (Flight_Assignment_Test.scala:82)[0m[0m
[0m[[0m[0minfo[0m] [0m[0m[31m  Analysis:[0m[0m
[0m[[0m[0minfo[0m] [0m[0m[31m  Set(missingInLeft: [[P1,3,Jack,Lee], [P2,2,Kent,Tan]], missingInRight: [[P2,1,Kent,Tan], [P4,1,Larry,Chew], [P1,1,Jack,Lee]])[0m[0m
[0m[[0m[0minfo[0m] [0m[0m[32m- longestRunWithoutUK should calculate the longest run[0m[0m
[0m[[0m[0minfo[0m] [0m[0m[32m- flightsTogether should correctly identify pairs of passengers with more than 3 shared flights[0m[0m
[0m[[0m[0minfo[0m] [0m[0m[32m- flownTogether should find passengers who have flown together more than N times within a date range[0m[0m
[0m[[0m[0minfo[0m] [0m[0m[36mRun completed in 30 seconds, 417 milliseconds.[0m[0m
[0m[[0m[0minfo[0m] [0m[0m[36mTotal number of tests run: 5[0m[0m
[0m[[0m[0minfo[0m] [0m[0m[36mSuites: completed 1, aborted 0[0m[0m
[0m[[0m[0minfo[0m] [0m[0m[36mTests: succeeded 4, failed 1, canceled 0, ignored 0, pending 0[0m[0m
[0m[[0m[0minfo[0m] [0m[0m[31m*** 1 TEST FAILED ***[0m[0m
[0m[[0m[31merror[0m] [0m[0mFailed tests:[0m
[0m[[0m[31merror[0m] [0m[0m	Flight_Assignment_Test[0m
[0m[[0m[31merror[0m] [0m[0m(Test / [31mtestOnly[0m) sbt.TestsFailedException: Tests unsuccessful[0m
[0m[[0m[31merror[0m] [0m[0mTotal time: 39 s, completed Apr 16, 2025 11:31:17 AM[0m
[0m[[0m[0mdebug[0m] [0m[0m> Exec(shell, None, None)[0m
