[0m[[0m[0mdebug[0m] [0m[0m> Exec(testOnly Flight_Assignment_Test, Some(aa4d9d87-4b2d-423a-9246-05e9b94198e8), Some(CommandSource(console0)))[0m
[0m[[0m[0mdebug[0m] [0m[0mEvaluating tasks: Test / testOnly[0m
[0m[[0m[0mdebug[0m] [0m[0mRunning task... Cancel: Signal, check cycles: false, forcegc: true[0m
[0m[[0m[0minfo[0m] [0m[0mcompiling 1 Scala source to C:\pyspark\flink_project\Flight_Assignment\target\scala-2.12\classes ...[0m
[0m[[0m[0minfo[0m] [0m[0m[32mFlight_Assignment_Test:[0m[0m
[0m[[0m[0minfo[0m] [0m[0m[32m- totalFlightsPerMonth should compute correct flight counts[0m[0m
[0m[[0m[0minfo[0m] [0m[0m[32m- mostFrequentFlyers should return the top 100 passengers based on flight count[0m[0m
[0m[[0m[0minfo[0m] [0m[0m[32m- longestRunWithoutUK should calculate the correct longest run for each passenger[0m[0m
[0m[[0m[0minfo[0m] [0m[0m[32m- flightsTogether should correctly identify pairs of passengers with more than 3 shared flights[0m[0m
[0m[[0m[0minfo[0m] [0m[0m[31m- flownTogether should find passengers who have flown together more than N times within a date range *** FAILED ***[0m[0m
[0m[[0m[0minfo[0m] [0m[0m[31m  Set([P1,P2,4,2025-01-01,2025-01-04]) did not equal Set([P1,P2,4,2025-01-01,2025-01-04]) (Flight_Assignment_Test.scala:158)[0m[0m
[0m[[0m[0minfo[0m] [0m[0m[31m  Analysis:[0m[0m
[0m[[0m[0minfo[0m] [0m[0m[31m  Set(missingInLeft: [[P1,P2,4,2025-01-01,2025-01-04]], missingInRight: [[P1,P2,4,2025-01-01,2025-01-04]])[0m[0m
[0m[[0m[0minfo[0m] [0m[0m[36mRun completed in 32 seconds, 489 milliseconds.[0m[0m
[0m[[0m[0minfo[0m] [0m[0m[36mTotal number of tests run: 5[0m[0m
[0m[[0m[0minfo[0m] [0m[0m[36mSuites: completed 1, aborted 0[0m[0m
[0m[[0m[0minfo[0m] [0m[0m[36mTests: succeeded 4, failed 1, canceled 0, ignored 0, pending 0[0m[0m
[0m[[0m[0minfo[0m] [0m[0m[31m*** 1 TEST FAILED ***[0m[0m
[0m[[0m[31merror[0m] [0m[0mFailed tests:[0m
[0m[[0m[31merror[0m] [0m[0m	Flight_Assignment_Test[0m
[0m[[0m[31merror[0m] [0m[0m(Test / [31mtestOnly[0m) sbt.TestsFailedException: Tests unsuccessful[0m
[0m[[0m[31merror[0m] [0m[0mTotal time: 34 s, completed Apr 15, 2025 9:48:01 PM[0m
[0m[[0m[0mdebug[0m] [0m[0m> Exec(shell, None, None)[0m
