<?xml version='1.0' encoding='UTF-8'?>
<testsuite hostname="DESKTOP-V5G2C60" name="FlightStatisticsTest" tests="5" errors="0" failures="0" skipped="0" time="39.168" timestamp="2025-04-13T22:32:53">
          <properties>
[...]
</properties>
          <testcase classname="FlightStatisticsTest" name="totalFlightsPerMonth should compute correct flight counts" time="13.003">
                      
                    </testcase><testcase classname="FlightStatisticsTest" name="mostFrequentFlyers should return the top 100 passengers based on flight count" time="2.496">
                      
                    </testcase><testcase classname="FlightStatisticsTest" name="longestRunWithoutUK should calculate the correct longest run for each passenger" time="18.94">
                      
                    </testcase><testcase classname="FlightStatisticsTest" name="flightsTogether should correctly identify pairs of passengers with more than 3 shared flights" time="1.631">
                      
                    </testcase><testcase classname="FlightStatisticsTest" name="flownTogether should find passengers who have flown together more than N times within a date range" time="3.098">
                      
                    </testcase>
          <system-out><![CDATA[]]></system-out>
          <system-err><![CDATA[]]></system-err>
        </testsuite>